> -Z0.0605842
-154.5334 19.5305 8.30454964168583 4.15227482084291 0.0605842 0
-154.5665 19.5125 8.30454964168583 4.15227482084291 0.0605842 0
-154.5777 19.5308 9.1596 5.00732517915709 0.0605842 0
-154.5446 19.5488 9.1596 5.00732517915709 0.0605842 0
> -Z0.0763527
-154.5664 19.5125 8.30454964168583 4.15227482084291 0.0763527 1
-154.5995 19.4945 8.30454964168583 4.15227482084291 0.0763527 1
-154.6107 19.5128 9.1596 5.00732517915709 0.0763527 1
-154.5776 19.5308 9.1596 5.00732517915709 0.0763527 1
> -Z0.3007328
-154.5995 19.4945 8.30454964168583 4.15227482084291 0.3007328 2
-154.6326 19.4765 8.30454964168583 4.15227482084291 0.3007328 2
-154.6438 19.4948 9.1596 5.00732517915709 0.3007328 2
-154.6107 19.5128 9.1596 5.00732517915709 0.3007328 2
> -Z0.4752135
-154.6325 19.4766 8.30454964168583 4.15227482084291 0.4752135 3
-154.6656 19.4586 8.30454964168583 4.15227482084291 0.4752135 3
-154.6768 19.4769 9.1596 5.00732517915709 0.4752135 3
-154.6437 19.4949 9.1596 5.00732517915709 0.4752135 3
> -Z0.3662891
-154.6656 19.4586 8.30454964168583 4.15227482084291 0.3662891 4
-154.6987 19.4406 8.30454964168583 4.15227482084291 0.3662891 4
-154.7099 19.4589 9.1596 5.00732517915709 0.3662891 4
-154.6768 19.4769 9.1596 5.00732517915709 0.3662891 4
> -Z0.4394818
-154.6986 19.4406 8.30454964168583 4.15227482084291 0.4394818 5
-154.7317 19.4226 8.30454964168583 4.15227482084291 0.4394818 5
-154.7429 19.4409 9.1596 5.00732517915709 0.4394818 5
-154.7098 19.4589 9.1596 5.00732517915709 0.4394818 5
> -Z0.2251439
-154.7317 19.4226 8.30454964168583 4.15227482084291 0.2251439 6
-154.7648 19.4046 8.30454964168583 4.15227482084291 0.2251439 6
-154.776 19.4229 9.1596 5.00732517915709 0.2251439 6
-154.7429 19.4409 9.1596 5.00732517915709 0.2251439 6
> -Z0.0091746
-154.7647 19.4046 8.30454964168583 4.15227482084291 0.0091746 7
-154.7978 19.3866 8.30454964168583 4.15227482084291 0.0091746 7
-154.809 19.4049 9.1596 5.00732517915709 0.0091746 7
-154.7759 19.4229 9.1596 5.00732517915709 0.0091746 7
> -Z0.2817044
-154.7978 19.3866 8.30454964168583 4.15227482084291 0.2817044 8
-154.8309 19.3686 8.30454964168583 4.15227482084291 0.2817044 8
-154.8421 19.3869 9.1596 5.00732517915709 0.2817044 8
-154.809 19.4049 9.1596 5.00732517915709 0.2817044 8
> -Z0.659172
-154.8308 19.3686 8.30454964168583 4.15227482084291 0.659172 9
-154.8639 19.3506 8.30454964168583 4.15227482084291 0.659172 9
-154.8751 19.3689 9.1596 5.00732517915709 0.659172 9
-154.842 19.3869 9.1596 5.00732517915709 0.659172 9
> -Z0.677987
-154.8638 19.3506 8.30454964168583 4.15227482084291 0.677987 10
-154.8969 19.3326 8.30454964168583 4.15227482084291 0.677987 10
-154.9081 19.3509 9.1596 5.00732517915709 0.677987 10
-154.875 19.3689 9.1596 5.00732517915709 0.677987 10
> -Z0.8126465
-154.8969 19.3326 8.30454964168583 4.15227482084291 0.8126465 11
-154.93 19.3146 8.30454964168583 4.15227482084291 0.8126465 11
-154.9412 19.3329 9.1596 5.00732517915709 0.8126465 11
-154.9081 19.3509 9.1596 5.00732517915709 0.8126465 11
> -Z1.107159
-154.9299 19.3146 8.30454964168583 4.15227482084291 1.107159 12
-154.963 19.2966 8.30454964168583 4.15227482084291 1.107159 12
-154.9742 19.3149 9.1596 5.00732517915709 1.107159 12
-154.9411 19.3329 9.1596 5.00732517915709 1.107159 12
> -Z1.137293
-154.963 19.2966 8.30454964168583 4.15227482084291 1.137293 13
-154.9961 19.2786 8.30454964168583 4.15227482084291 1.137293 13
-155.0073 19.2969 9.1596 5.00732517915709 1.137293 13
-154.9742 19.3149 9.1596 5.00732517915709 1.137293 13
> -Z0.8186667
-154.9961 19.2786 8.30454964168583 4.15227482084291 0.8186667 14
-155.0291 19.2606 8.30454964168583 4.15227482084291 0.8186667 14
-155.0402 19.2789 9.1596 5.00732517915709 0.8186667 14
-155.0072 19.2969 9.1596 5.00732517915709 0.8186667 14
> -Z0.4719313
-155.0292 19.2606 8.30454964168583 4.15227482084291 0.4719313 15
-155.0622 19.2426 8.30454964168583 4.15227482084291 0.4719313 15
-155.0733 19.2609 9.1596 5.00732517915709 0.4719313 15
-155.0403 19.2789 9.1596 5.00732517915709 0.4719313 15
> -Z0.0075971
-155.0622 19.2426 8.30454964168583 4.15227482084291 0.0075971 16
-155.0952 19.2246 8.30454964168583 4.15227482084291 0.0075971 16
-155.1063 19.2429 9.1596 5.00732517915709 0.0075971 16
-155.0733 19.2609 9.1596 5.00732517915709 0.0075971 16
> -Z0.4517255
-155.0953 19.2246 8.30454964168583 4.15227482084291 0.4517255 17
-155.1283 19.2066 8.30454964168583 4.15227482084291 0.4517255 17
-155.1394 19.2249 9.1596 5.00732517915709 0.4517255 17
-155.1064 19.2429 9.1596 5.00732517915709 0.4517255 17
> -Z0.5732212
-155.1283 19.2066 8.30454964168583 4.15227482084291 0.5732212 18
-155.1613 19.1886 8.30454964168583 4.15227482084291 0.5732212 18
-155.1724 19.2069 9.1596 5.00732517915709 0.5732212 18
-155.1394 19.2249 9.1596 5.00732517915709 0.5732212 18
> -Z0.3800673
-155.1613 19.1886 8.30454964168583 4.15227482084291 0.3800673 19
-155.1942 19.1706 8.30454964168583 4.15227482084291 0.3800673 19
-155.2054 19.1889 9.1596 5.00732517915709 0.3800673 19
-155.1724 19.2069 9.1596 5.00732517915709 0.3800673 19
> -Z0.274567
-155.1944 19.1706 8.30454964168583 4.15227482084291 0.274567 20
-155.2273 19.1526 8.30454964168583 4.15227482084291 0.274567 20
-155.2385 19.1709 9.1596 5.00732517915709 0.274567 20
-155.2055 19.1889 9.1596 5.00732517915709 0.274567 20
> -Z0.0044443
-155.2274 19.1526 8.30454964168583 4.15227482084291 0.0044443 21
-155.2603 19.1346 8.30454964168583 4.15227482084291 0.0044443 21
-155.2715 19.1529 9.1596 5.00732517915709 0.0044443 21
-155.2386 19.1709 9.1596 5.00732517915709 0.0044443 21
> -Z0.0741099
-155.2605 19.1346 8.30454964168583 4.15227482084291 0.0741099 22
-155.2934 19.1166 8.30454964168583 4.15227482084291 0.0741099 22
-155.3046 19.1349 9.1596 5.00732517915709 0.0741099 22
-155.2717 19.1529 9.1596 5.00732517915709 0.0741099 22
> -Z0.1265038
-155.2935 19.1166 8.30454964168583 4.15227482084291 0.1265038 23
-155.3264 19.0986 8.30454964168583 4.15227482084291 0.1265038 23
-155.3376 19.1169 9.1596 5.00732517915709 0.1265038 23
-155.3047 19.1349 9.1596 5.00732517915709 0.1265038 23
> -Z0.096801
-155.3266 19.0986 8.30454964168583 4.15227482084291 0.096801 24
-155.3595 19.0806 8.30454964168583 4.15227482084291 0.096801 24
-155.3707 19.0989 9.1596 5.00732517915709 0.096801 24
-155.3378 19.1169 9.1596 5.00732517915709 0.096801 24
> -Z0.1304366
-155.3596 19.0806 8.30454964168583 4.15227482084291 0.1304366 25
-155.3925 19.0626 8.30454964168583 4.15227482084291 0.1304366 25
-155.4037 19.0809 9.1596 5.00732517915709 0.1304366 25
-155.3708 19.0989 9.1596 5.00732517915709 0.1304366 25
> -Z0.1432158
-155.3927 19.0626 8.30454964168583 4.15227482084291 0.1432158 26
-155.4256 19.0446 8.30454964168583 4.15227482084291 0.1432158 26
-155.4368 19.0629 9.1596 5.00732517915709 0.1432158 26
-155.4039 19.0809 9.1596 5.00732517915709 0.1432158 26
> -Z0.1095718
-154.5446 19.5489 9.15954964168583 5.00727482084291 0.1095718 27
-154.5777 19.5309 9.15954964168583 5.00727482084291 0.1095718 27
-154.5889 19.5492 10.0146 5.86232517915709 0.1095718 27
-154.5558 19.5672 10.0146 5.86232517915709 0.1095718 27
> -Z0.0255817
-154.5776 19.5309 9.15954964168583 5.00727482084291 0.0255817 28
-154.6107 19.5129 9.15954964168583 5.00727482084291 0.0255817 28
-154.6219 19.5312 10.0146 5.86232517915709 0.0255817 28
-154.5888 19.5492 10.0146 5.86232517915709 0.0255817 28
> -Z0.0162216
-154.6107 19.5129 9.15954964168583 5.00727482084291 0.0162216 29
-154.6438 19.4949 9.15954964168583 5.00727482084291 0.0162216 29
-154.655 19.5132 10.0146 5.86232517915709 0.0162216 29
-154.6219 19.5312 10.0146 5.86232517915709 0.0162216 29
> -Z0.1224693
-154.6437 19.4949 9.15954964168583 5.00727482084291 0.1224693 30
-154.6768 19.4769 9.15954964168583 5.00727482084291 0.1224693 30
-154.688 19.4952 10.0146 5.86232517915709 0.1224693 30
-154.6549 19.5132 10.0146 5.86232517915709 0.1224693 30
> -Z0.1033591
-154.6768 19.4769 9.15954964168583 5.00727482084291 0.1033591 31
-154.7099 19.4589 9.15954964168583 5.00727482084291 0.1033591 31
-154.7211 19.4772 10.0146 5.86232517915709 0.1033591 31
-154.688 19.4952 10.0146 5.86232517915709 0.1033591 31
> -Z0.0983191
-154.7098 19.4589 9.15954964168583 5.00727482084291 0.0983191 32
-154.7429 19.4409 9.15954964168583 5.00727482084291 0.0983191 32
-154.7541 19.4592 10.0146 5.86232517915709 0.0983191 32
-154.721 19.4772 10.0146 5.86232517915709 0.0983191 32
> -Z0.0071619
-154.7429 19.4409 9.15954964168583 5.00727482084291 0.0071619 33
-154.776 19.4229 9.15954964168583 5.00727482084291 0.0071619 33
-154.7872 19.4412 10.0146 5.86232517915709 0.0071619 33
-154.7541 19.4592 10.0146 5.86232517915709 0.0071619 33
> -Z0.0215467
-154.7759 19.4229 9.15954964168583 5.00727482084291 0.0215467 34
-154.809 19.4049 9.15954964168583 5.00727482084291 0.0215467 34
-154.8202 19.4232 10.0146 5.86232517915709 0.0215467 34
-154.7871 19.4412 10.0146 5.86232517915709 0.0215467 34
> -Z0.0429244
-154.809 19.4049 9.15954964168583 5.00727482084291 0.0429244 35
-154.8421 19.3869 9.15954964168583 5.00727482084291 0.0429244 35
-154.8533 19.4052 10.0146 5.86232517915709 0.0429244 35
-154.8202 19.4232 10.0146 5.86232517915709 0.0429244 35
> -Z0.3328045
-154.842 19.3869 9.15954964168583 5.00727482084291 0.3328045 36
-154.8751 19.3689 9.15954964168583 5.00727482084291 0.3328045 36
-154.8863 19.3872 10.0146 5.86232517915709 0.3328045 36
-154.8532 19.4052 10.0146 5.86232517915709 0.3328045 36
> -Z0.466044
-154.875 19.3689 9.15954964168583 5.00727482084291 0.466044 37
-154.9081 19.3509 9.15954964168583 5.00727482084291 0.466044 37
-154.9193 19.3692 10.0146 5.86232517915709 0.466044 37
-154.8862 19.3872 10.0146 5.86232517915709 0.466044 37
> -Z0.7024504
-154.9081 19.3509 9.15954964168583 5.00727482084291 0.7024504 38
-154.9412 19.3329 9.15954964168583 5.00727482084291 0.7024504 38
-154.9524 19.3512 10.0146 5.86232517915709 0.7024504 38
-154.9193 19.3692 10.0146 5.86232517915709 0.7024504 38
> -Z0.8206229
-154.9411 19.3329 9.15954964168583 5.00727482084291 0.8206229 39
-154.9742 19.3149 9.15954964168583 5.00727482084291 0.8206229 39
-154.9854 19.3332 10.0146 5.86232517915709 0.8206229 39
-154.9523 19.3512 10.0146 5.86232517915709 0.8206229 39
> -Z0.9844091
-154.9742 19.3149 9.15954964168583 5.00727482084291 0.9844091 40
-155.0073 19.2969 9.15954964168583 5.00727482084291 0.9844091 40
-155.0185 19.3152 10.0146 5.86232517915709 0.9844091 40
-154.9854 19.3332 10.0146 5.86232517915709 0.9844091 40
> -Z1.106349
-155.0072 19.2969 9.15954964168583 5.00727482084291 1.106349 41
-155.0403 19.2789 9.15954964168583 5.00727482084291 1.106349 41
-155.0515 19.2972 10.0146 5.86232517915709 1.106349 41
-155.0184 19.3152 10.0146 5.86232517915709 1.106349 41
> -Z0.9466766
-155.0404 19.2789 9.15954964168583 5.00727482084291 0.9466766 42
-155.0734 19.2609 9.15954964168583 5.00727482084291 0.9466766 42
-155.0845 19.2792 10.0146 5.86232517915709 0.9466766 42
-155.0515 19.2972 10.0146 5.86232517915709 0.9466766 42
> -Z0.6895773
-155.0734 19.2609 9.15954964168583 5.00727482084291 0.6895773 43
-155.1064 19.2429 9.15954964168583 5.00727482084291 0.6895773 43
-155.1175 19.2612 10.0146 5.86232517915709 0.6895773 43
-155.0845 19.2792 10.0146 5.86232517915709 0.6895773 43
> -Z0.8100221
-155.1065 19.2429 9.15954964168583 5.00727482084291 0.8100221 44
-155.1395 19.2249 9.15954964168583 5.00727482084291 0.8100221 44
-155.1506 19.2432 10.0146 5.86232517915709 0.8100221 44
-155.1176 19.2612 10.0146 5.86232517915709 0.8100221 44
> -Z0.9794785
-155.1395 19.2249 9.15954964168583 5.00727482084291 0.9794785 45
-155.1725 19.2069 9.15954964168583 5.00727482084291 0.9794785 45
-155.1836 19.2252 10.0146 5.86232517915709 0.9794785 45
-155.1506 19.2432 10.0146 5.86232517915709 0.9794785 45
> -Z0.9028716
-155.1726 19.2069 9.15954964168583 5.00727482084291 0.9028716 46
-155.2056 19.1889 9.15954964168583 5.00727482084291 0.9028716 46
-155.2167 19.2072 10.0146 5.86232517915709 0.9028716 46
-155.1837 19.2252 10.0146 5.86232517915709 0.9028716 46
> -Z0.7177896
-155.2056 19.1889 9.15954964168583 5.00727482084291 0.7177896 47
-155.2385 19.1709 9.15954964168583 5.00727482084291 0.7177896 47
-155.2497 19.1892 10.0146 5.86232517915709 0.7177896 47
-155.2167 19.2072 10.0146 5.86232517915709 0.7177896 47
> -Z0.4213404
-155.2386 19.1709 9.15954964168583 5.00727482084291 0.4213404 48
-155.2715 19.1529 9.15954964168583 5.00727482084291 0.4213404 48
-155.2827 19.1712 10.0146 5.86232517915709 0.4213404 48
-155.2497 19.1892 10.0146 5.86232517915709 0.4213404 48
> -Z0.1863717
-155.2717 19.1529 9.15954964168583 5.00727482084291 0.1863717 49
-155.3046 19.1349 9.15954964168583 5.00727482084291 0.1863717 49
-155.3158 19.1532 10.0146 5.86232517915709 0.1863717 49
-155.2829 19.1712 10.0146 5.86232517915709 0.1863717 49
> -Z0.2851352
-155.3047 19.1349 9.15954964168583 5.00727482084291 0.2851352 50
-155.3376 19.1169 9.15954964168583 5.00727482084291 0.2851352 50
-155.3488 19.1352 10.0146 5.86232517915709 0.2851352 50
-155.3159 19.1532 10.0146 5.86232517915709 0.2851352 50
> -Z0.2802137
-155.3378 19.1169 9.15954964168583 5.00727482084291 0.2802137 51
-155.3707 19.0989 9.15954964168583 5.00727482084291 0.2802137 51
-155.3819 19.1172 10.0146 5.86232517915709 0.2802137 51
-155.349 19.1352 10.0146 5.86232517915709 0.2802137 51
> -Z0.1195822
-155.3708 19.0989 9.15954964168583 5.00727482084291 0.1195822 52
-155.4037 19.0809 9.15954964168583 5.00727482084291 0.1195822 52
-155.4149 19.0992 10.0146 5.86232517915709 0.1195822 52
-155.382 19.1172 10.0146 5.86232517915709 0.1195822 52
> -Z0.0481778
-155.4039 19.0809 9.15954964168583 5.00727482084291 0.0481778 53
-155.4368 19.0629 9.15954964168583 5.00727482084291 0.0481778 53
-155.448 19.0812 10.0146 5.86232517915709 0.0481778 53
-155.4151 19.0992 10.0146 5.86232517915709 0.0481778 53
> -Z0.0103248
-154.5558 19.5672 10.0146496416858 5.86237482084291 0.0103248 54
-154.5889 19.5492 10.0146496416858 5.86237482084291 0.0103248 54
-154.6001 19.5675 10.8697 6.71742517915709 0.0103248 54
-154.567 19.5855 10.8697 6.71742517915709 0.0103248 54
> -Z0.0733146
-154.5889 19.5492 10.0146496416858 5.86237482084291 0.0733146 55
-154.622 19.5312 10.0146496416858 5.86237482084291 0.0733146 55
-154.6332 19.5495 10.8697 6.71742517915709 0.0733146 55
-154.6001 19.5675 10.8697 6.71742517915709 0.0733146 55
> -Z0.2720436
-154.6219 19.5312 10.0146496416858 5.86237482084291 0.2720436 56
-154.655 19.5132 10.0146496416858 5.86237482084291 0.2720436 56
-154.6662 19.5315 10.8697 6.71742517915709 0.2720436 56
-154.6331 19.5495 10.8697 6.71742517915709 0.2720436 56
> -Z0.0811487
-154.6549 19.5132 10.0146496416858 5.86237482084291 0.0811487 57
-154.688 19.4952 10.0146496416858 5.86237482084291 0.0811487 57
-154.6992 19.5135 10.8697 6.71742517915709 0.0811487 57
-154.6661 19.5315 10.8697 6.71742517915709 0.0811487 57
> -Z0.1212186
-154.688 19.4952 10.0146496416858 5.86237482084291 0.1212186 58
-154.7211 19.4772 10.0146496416858 5.86237482084291 0.1212186 58
-154.7323 19.4955 10.8697 6.71742517915709 0.1212186 58
-154.6992 19.5135 10.8697 6.71742517915709 0.1212186 58
> -Z0.012121
-154.721 19.4772 10.0146496416858 5.86237482084291 0.012121 59
-154.7541 19.4592 10.0146496416858 5.86237482084291 0.012121 59
-154.7653 19.4775 10.8697 6.71742517915709 0.012121 59
-154.7322 19.4955 10.8697 6.71742517915709 0.012121 59
> -Z0.0671047
-154.7541 19.4592 10.0146496416858 5.86237482084291 0.0671047 60
-154.7872 19.4412 10.0146496416858 5.86237482084291 0.0671047 60
-154.7984 19.4595 10.8697 6.71742517915709 0.0671047 60
-154.7653 19.4775 10.8697 6.71742517915709 0.0671047 60
> -Z0.067522
-154.7871 19.4412 10.0146496416858 5.86237482084291 0.067522 61
-154.8202 19.4232 10.0146496416858 5.86237482084291 0.067522 61
-154.8314 19.4415 10.8697 6.71742517915709 0.067522 61
-154.7983 19.4595 10.8697 6.71742517915709 0.067522 61
> -Z0.028146
-154.8202 19.4232 10.0146496416858 5.86237482084291 0.028146 62
-154.8533 19.4052 10.0146496416858 5.86237482084291 0.028146 62
-154.8645 19.4235 10.8697 6.71742517915709 0.028146 62
-154.8314 19.4415 10.8697 6.71742517915709 0.028146 62
> -Z0.0999524
-154.8532 19.4052 10.0146496416858 5.86237482084291 0.0999524 63
-154.8863 19.3872 10.0146496416858 5.86237482084291 0.0999524 63
-154.8975 19.4055 10.8697 6.71742517915709 0.0999524 63
-154.8644 19.4235 10.8697 6.71742517915709 0.0999524 63
> -Z0.3883514
-154.8862 19.3872 10.0146496416858 5.86237482084291 0.3883514 64
-154.9193 19.3692 10.0146496416858 5.86237482084291 0.3883514 64
-154.9305 19.3875 10.8697 6.71742517915709 0.3883514 64
-154.8974 19.4055 10.8697 6.71742517915709 0.3883514 64
> -Z0.7733772
-154.9193 19.3692 10.0146496416858 5.86237482084291 0.7733772 65
-154.9524 19.3512 10.0146496416858 5.86237482084291 0.7733772 65
-154.9636 19.3695 10.8697 6.71742517915709 0.7733772 65
-154.9305 19.3875 10.8697 6.71742517915709 0.7733772 65
> -Z0.7081174
-154.9523 19.3512 10.0146496416858 5.86237482084291 0.7081174 66
-154.9854 19.3332 10.0146496416858 5.86237482084291 0.7081174 66
-154.9966 19.3515 10.8697 6.71742517915709 0.7081174 66
-154.9635 19.3695 10.8697 6.71742517915709 0.7081174 66
> -Z0.7993602
-154.9854 19.3332 10.0146496416858 5.86237482084291 0.7993602 67
-155.0185 19.3152 10.0146496416858 5.86237482084291 0.7993602 67
-155.0297 19.3335 10.8697 6.71742517915709 0.7993602 67
-154.9966 19.3515 10.8697 6.71742517915709 0.7993602 67
> -Z1.134802
-155.0184 19.3152 10.0146496416858 5.86237482084291 1.134802 68
-155.0515 19.2972 10.0146496416858 5.86237482084291 1.134802 68
-155.0627 19.3155 10.8697 6.71742517915709 1.134802 68
-155.0296 19.3335 10.8697 6.71742517915709 1.134802 68
> -Z0.877303
-155.0515 19.2972 10.0146496416858 5.86237482084291 0.877303 69
-155.0846 19.2792 10.0146496416858 5.86237482084291 0.877303 69
-155.0958 19.2975 10.8697 6.71742517915709 0.877303 69
-155.0627 19.3155 10.8697 6.71742517915709 0.877303 69
> -Z1.03803
-155.0846 19.2792 10.0146496416858 5.86237482084291 1.03803 70
-155.1176 19.2612 10.0146496416858 5.86237482084291 1.03803 70
-155.1287 19.2795 10.8697 6.71742517915709 1.03803 70
-155.0957 19.2975 10.8697 6.71742517915709 1.03803 70
> -Z1.3015041
-155.1177 19.2612 10.0146496416858 5.86237482084291 1.3015041 71
-155.1507 19.2432 10.0146496416858 5.86237482084291 1.3015041 71
-155.1618 19.2615 10.8697 6.71742517915709 1.3015041 71
-155.1288 19.2795 10.8697 6.71742517915709 1.3015041 71
> -Z1.171056
-155.1507 19.2432 10.0146496416858 5.86237482084291 1.171056 72
-155.1837 19.2252 10.0146496416858 5.86237482084291 1.171056 72
-155.1948 19.2435 10.8697 6.71742517915709 1.171056 72
-155.1618 19.2615 10.8697 6.71742517915709 1.171056 72
> -Z0.7380677
-155.1838 19.2252 10.0146496416858 5.86237482084291 0.7380677 73
-155.2168 19.2072 10.0146496416858 5.86237482084291 0.7380677 73
-155.2279 19.2255 10.8697 6.71742517915709 0.7380677 73
-155.1949 19.2435 10.8697 6.71742517915709 0.7380677 73
> -Z0.8146773
-155.2168 19.2072 10.0146496416858 5.86237482084291 0.8146773 74
-155.2498 19.1892 10.0146496416858 5.86237482084291 0.8146773 74
-155.2609 19.2075 10.8697 6.71742517915709 0.8146773 74
-155.2279 19.2255 10.8697 6.71742517915709 0.8146773 74
> -Z0.5924171
-155.2498 19.1892 10.0146496416858 5.86237482084291 0.5924171 75
-155.2827 19.1712 10.0146496416858 5.86237482084291 0.5924171 75
-155.2939 19.1895 10.8697 6.71742517915709 0.5924171 75
-155.2609 19.2075 10.8697 6.71742517915709 0.5924171 75
> -Z0.1263598
-155.2829 19.1712 10.0146496416858 5.86237482084291 0.1263598 76
-155.3158 19.1532 10.0146496416858 5.86237482084291 0.1263598 76
-155.327 19.1715 10.8697 6.71742517915709 0.1263598 76
-155.294 19.1895 10.8697 6.71742517915709 0.1263598 76
> -Z0.339157
-155.3159 19.1532 10.0146496416858 5.86237482084291 0.339157 77
-155.3488 19.1352 10.0146496416858 5.86237482084291 0.339157 77
-155.36 19.1535 10.8697 6.71742517915709 0.339157 77
-155.3271 19.1715 10.8697 6.71742517915709 0.339157 77
> -Z0.7035814
-155.349 19.1352 10.0146496416858 5.86237482084291 0.7035814 78
-155.3819 19.1172 10.0146496416858 5.86237482084291 0.7035814 78
-155.3931 19.1355 10.8697 6.71742517915709 0.7035814 78
-155.3602 19.1535 10.8697 6.71742517915709 0.7035814 78
> -Z0.1778022
-155.382 19.1172 10.0146496416858 5.86237482084291 0.1778022 79
-155.4149 19.0992 10.0146496416858 5.86237482084291 0.1778022 79
-155.4261 19.1175 10.8697 6.71742517915709 0.1778022 79
-155.3932 19.1355 10.8697 6.71742517915709 0.1778022 79
> -Z0.0227289
-155.4151 19.0992 10.0146496416858 5.86237482084291 0.0227289 80
-155.448 19.0812 10.0146496416858 5.86237482084291 0.0227289 80
-155.4592 19.0995 10.8697 6.71742517915709 0.0227289 80
-155.4263 19.1175 10.8697 6.71742517915709 0.0227289 80
> -Z0.0375016
-154.567 19.5855 10.8696496416858 6.71737482084291 0.0375016 81
-154.6001 19.5675 10.8696496416858 6.71737482084291 0.0375016 81
-154.6113 19.5858 11.7247 7.57242517915709 0.0375016 81
-154.5782 19.6038 11.7247 7.57242517915709 0.0375016 81
> -Z0.0079109
-154.6001 19.5675 10.8696496416858 6.71737482084291 0.0079109 82
-154.6332 19.5495 10.8696496416858 6.71737482084291 0.0079109 82
-154.6444 19.5678 11.7247 7.57242517915709 0.0079109 82
-154.6113 19.5858 11.7247 7.57242517915709 0.0079109 82
> -Z0.3778329
-154.6331 19.5495 10.8696496416858 6.71737482084291 0.3778329 83
-154.6662 19.5315 10.8696496416858 6.71737482084291 0.3778329 83
-154.6774 19.5498 11.7247 7.57242517915709 0.3778329 83
-154.6443 19.5678 11.7247 7.57242517915709 0.3778329 83
> -Z0.1970597
-154.6661 19.5315 10.8696496416858 6.71737482084291 0.1970597 84
-154.6992 19.5135 10.8696496416858 6.71737482084291 0.1970597 84
-154.7104 19.5318 11.7247 7.57242517915709 0.1970597 84
-154.6773 19.5498 11.7247 7.57242517915709 0.1970597 84
> -Z0.1337444
-154.6992 19.5135 10.8696496416858 6.71737482084291 0.1337444 85
-154.7323 19.4955 10.8696496416858 6.71737482084291 0.1337444 85
-154.7435 19.5138 11.7247 7.57242517915709 0.1337444 85
-154.7104 19.5318 11.7247 7.57242517915709 0.1337444 85
> -Z0.0217686
-154.7322 19.4955 10.8696496416858 6.71737482084291 0.0217686 86
-154.7653 19.4775 10.8696496416858 6.71737482084291 0.0217686 86
-154.7765 19.4958 11.7247 7.57242517915709 0.0217686 86
-154.7434 19.5138 11.7247 7.57242517915709 0.0217686 86
> -Z0.0567441
-154.7653 19.4775 10.8696496416858 6.71737482084291 0.0567441 87
-154.7984 19.4595 10.8696496416858 6.71737482084291 0.0567441 87
-154.8096 19.4778 11.7247 7.57242517915709 0.0567441 87
-154.7765 19.4958 11.7247 7.57242517915709 0.0567441 87
> -Z0.094467
-154.7983 19.4595 10.8696496416858 6.71737482084291 0.094467 88
-154.8314 19.4415 10.8696496416858 6.71737482084291 0.094467 88
-154.8426 19.4598 11.7247 7.57242517915709 0.094467 88
-154.8095 19.4778 11.7247 7.57242517915709 0.094467 88
> -Z0.3523202
-154.8314 19.4415 10.8696496416858 6.71737482084291 0.3523202 89
-154.8645 19.4235 10.8696496416858 6.71737482084291 0.3523202 89
-154.8757 19.4418 11.7247 7.57242517915709 0.3523202 89
-154.8426 19.4598 11.7247 7.57242517915709 0.3523202 89
> -Z0.7008649
-154.8644 19.4235 10.8696496416858 6.71737482084291 0.7008649 90
-154.8975 19.4055 10.8696496416858 6.71737482084291 0.7008649 90
-154.9087 19.4238 11.7247 7.57242517915709 0.7008649 90
-154.8756 19.4418 11.7247 7.57242517915709 0.7008649 90
> -Z1.055116
-154.8975 19.4055 10.8696496416858 6.71737482084291 1.055116 91
-154.9306 19.3875 10.8696496416858 6.71737482084291 1.055116 91
-154.9418 19.4058 11.7247 7.57242517915709 1.055116 91
-154.9087 19.4238 11.7247 7.57242517915709 1.055116 91
> -Z1.304904
-154.9305 19.3875 10.8696496416858 6.71737482084291 1.304904 92
-154.9636 19.3695 10.8696496416858 6.71737482084291 1.304904 92
-154.9748 19.3878 11.7247 7.57242517915709 1.304904 92
-154.9417 19.4058 11.7247 7.57242517915709 1.304904 92
> -Z0.8990816
-154.9635 19.3695 10.8696496416858 6.71737482084291 0.8990816 93
-154.9966 19.3515 10.8696496416858 6.71737482084291 0.8990816 93
-155.0078 19.3698 11.7247 7.57242517915709 0.8990816 93
-154.9747 19.3878 11.7247 7.57242517915709 0.8990816 93
> -Z0.28791
-154.9966 19.3515 10.8696496416858 6.71737482084291 0.28791 94
-155.0297 19.3335 10.8696496416858 6.71737482084291 0.28791 94
-155.0409 19.3518 11.7247 7.57242517915709 0.28791 94
-155.0078 19.3698 11.7247 7.57242517915709 0.28791 94
> -Z0.7863699
-155.0296 19.3335 10.8696496416858 6.71737482084291 0.7863699 95
-155.0627 19.3155 10.8696496416858 6.71737482084291 0.7863699 95
-155.0739 19.3338 11.7247 7.57242517915709 0.7863699 95
-155.0408 19.3518 11.7247 7.57242517915709 0.7863699 95
> -Z1.144077
-155.0627 19.3155 10.8696496416858 6.71737482084291 1.144077 96
-155.0958 19.2975 10.8696496416858 6.71737482084291 1.144077 96
-155.107 19.3158 11.7247 7.57242517915709 1.144077 96
-155.0739 19.3338 11.7247 7.57242517915709 1.144077 96
> -Z1.528183
-155.0957 19.2975 10.8696496416858 6.71737482084291 1.528183 97
-155.1288 19.2795 10.8696496416858 6.71737482084291 1.528183 97
-155.14 19.2978 11.7247 7.57242517915709 1.528183 97
-155.1069 19.3158 11.7247 7.57242517915709 1.528183 97
> -Z1.703197
-155.1289 19.2795 10.8696496416858 6.71737482084291 1.703197 98
-155.1619 19.2615 10.8696496416858 6.71737482084291 1.703197 98
-155.173 19.2798 11.7247 7.57242517915709 1.703197 98
-155.14 19.2978 11.7247 7.57242517915709 1.703197 98
> -Z1.5689819
-155.1619 19.2615 10.8696496416858 6.71737482084291 1.5689819 99
-155.1949 19.2435 10.8696496416858 6.71737482084291 1.5689819 99
-155.206 19.2618 11.7247 7.57242517915709 1.5689819 99
-155.173 19.2798 11.7247 7.57242517915709 1.5689819 99
> -Z1.502005
-155.195 19.2435 10.8696496416858 6.71737482084291 1.502005 100
-155.228 19.2255 10.8696496416858 6.71737482084291 1.502005 100
-155.2391 19.2438 11.7247 7.57242517915709 1.502005 100
-155.2061 19.2618 11.7247 7.57242517915709 1.502005 100
> -Z1.196875
-155.228 19.2255 10.8696496416858 6.71737482084291 1.196875 101
-155.261 19.2075 10.8696496416858 6.71737482084291 1.196875 101
-155.2721 19.2258 11.7247 7.57242517915709 1.196875 101
-155.2391 19.2438 11.7247 7.57242517915709 1.196875 101
> -Z0.8598113
-155.2611 19.2075 10.8696496416858 6.71737482084291 0.8598113 102
-155.2941 19.1895 10.8696496416858 6.71737482084291 0.8598113 102
-155.3052 19.2078 11.7247 7.57242517915709 0.8598113 102
-155.2722 19.2258 11.7247 7.57242517915709 0.8598113 102
> -Z0.4504974
-155.2941 19.1895 10.8696496416858 6.71737482084291 0.4504974 103
-155.327 19.1715 10.8696496416858 6.71737482084291 0.4504974 103
-155.3382 19.1898 11.7247 7.57242517915709 0.4504974 103
-155.3052 19.2078 11.7247 7.57242517915709 0.4504974 103
> -Z0.4700708
-155.3271 19.1715 10.8696496416858 6.71737482084291 0.4700708 104
-155.36 19.1535 10.8696496416858 6.71737482084291 0.4700708 104
-155.3712 19.1718 11.7247 7.57242517915709 0.4700708 104
-155.3382 19.1898 11.7247 7.57242517915709 0.4700708 104
> -Z0.8662652
-155.3602 19.1535 10.8696496416858 6.71737482084291 0.8662652 105
-155.3931 19.1355 10.8696496416858 6.71737482084291 0.8662652 105
-155.4043 19.1538 11.7247 7.57242517915709 0.8662652 105
-155.3714 19.1718 11.7247 7.57242517915709 0.8662652 105
> -Z0.0811183
-155.3932 19.1355 10.8696496416858 6.71737482084291 0.0811183 106
-155.4261 19.1175 10.8696496416858 6.71737482084291 0.0811183 106
-155.4373 19.1358 11.7247 7.57242517915709 0.0811183 106
-155.4044 19.1538 11.7247 7.57242517915709 0.0811183 106
> -Z0.0516736
-155.4263 19.1175 10.8696496416858 6.71737482084291 0.0516736 107
-155.4592 19.0995 10.8696496416858 6.71737482084291 0.0516736 107
-155.4704 19.1178 11.7247 7.57242517915709 0.0516736 107
-155.4375 19.1358 11.7247 7.57242517915709 0.0516736 107
> -Z0.2220588
-154.5782 19.6038 11.7247496416858 7.57247482084291 0.2220588 108
-154.6113 19.5858 11.7247496416858 7.57247482084291 0.2220588 108
-154.6225 19.6041 12.5798 8.42752517915709 0.2220588 108
-154.5894 19.6221 12.5798 8.42752517915709 0.2220588 108
> -Z0.3466517
-154.6113 19.5858 11.7247496416858 7.57247482084291 0.3466517 109
-154.6444 19.5678 11.7247496416858 7.57247482084291 0.3466517 109
-154.6556 19.5861 12.5798 8.42752517915709 0.3466517 109
-154.6225 19.6041 12.5798 8.42752517915709 0.3466517 109
> -Z0.4161989
-154.6443 19.5678 11.7247496416858 7.57247482084291 0.4161989 110
-154.6774 19.5498 11.7247496416858 7.57247482084291 0.4161989 110
-154.6886 19.5681 12.5798 8.42752517915709 0.4161989 110
-154.6555 19.5861 12.5798 8.42752517915709 0.4161989 110
> -Z0.0751413
-154.6774 19.5498 11.7247496416858 7.57247482084291 0.0751413 111
-154.7105 19.5318 11.7247496416858 7.57247482084291 0.0751413 111
-154.7217 19.5501 12.5798 8.42752517915709 0.0751413 111
-154.6886 19.5681 12.5798 8.42752517915709 0.0751413 111
> -Z0.0183453
-154.7104 19.5318 11.7247496416858 7.57247482084291 0.0183453 112
-154.7435 19.5138 11.7247496416858 7.57247482084291 0.0183453 112
-154.7547 19.5321 12.5798 8.42752517915709 0.0183453 112
-154.7216 19.5501 12.5798 8.42752517915709 0.0183453 112
> -Z0.6145897
-154.7434 19.5138 11.7247496416858 7.57247482084291 0.6145897 113
-154.7765 19.4958 11.7247496416858 7.57247482084291 0.6145897 113
-154.7877 19.5141 12.5798 8.42752517915709 0.6145897 113
-154.7546 19.5321 12.5798 8.42752517915709 0.6145897 113
> -Z0.9117185
-154.7765 19.4958 11.7247496416858 7.57247482084291 0.9117185 114
-154.8096 19.4778 11.7247496416858 7.57247482084291 0.9117185 114
-154.8208 19.4961 12.5798 8.42752517915709 0.9117185 114
-154.7877 19.5141 12.5798 8.42752517915709 0.9117185 114
> -Z1.040381
-154.8095 19.4778 11.7247496416858 7.57247482084291 1.040381 115
-154.8426 19.4598 11.7247496416858 7.57247482084291 1.040381 115
-154.8538 19.4781 12.5798 8.42752517915709 1.040381 115
-154.8207 19.4961 12.5798 8.42752517915709 1.040381 115
> -Z1.7874001
-154.8426 19.4598 11.7247496416858 7.57247482084291 1.7874001 116
-154.8757 19.4418 11.7247496416858 7.57247482084291 1.7874001 116
-154.8869 19.4601 12.5798 8.42752517915709 1.7874001 116
-154.8538 19.4781 12.5798 8.42752517915709 1.7874001 116
> -Z2.4451379
-154.8756 19.4418 11.7247496416858 7.57247482084291 2.4451379 117
-154.9087 19.4238 11.7247496416858 7.57247482084291 2.4451379 117
-154.9199 19.4421 12.5798 8.42752517915709 2.4451379 117
-154.8868 19.4601 12.5798 8.42752517915709 2.4451379 117
> -Z2.6859561
-154.9087 19.4238 11.7247496416858 7.57247482084291 2.6859561 118
-154.9418 19.4058 11.7247496416858 7.57247482084291 2.6859561 118
-154.953 19.4241 12.5798 8.42752517915709 2.6859561 118
-154.9199 19.4421 12.5798 8.42752517915709 2.6859561 118
> -Z2.495416
-154.9417 19.4058 11.7247496416858 7.57247482084291 2.495416 119
-154.9748 19.3878 11.7247496416858 7.57247482084291 2.495416 119
-154.986 19.4061 12.5798 8.42752517915709 2.495416 119
-154.9529 19.4241 12.5798 8.42752517915709 2.495416 119
> -Z1.70726
-154.9747 19.3878 11.7247496416858 7.57247482084291 1.70726 120
-155.0078 19.3698 11.7247496416858 7.57247482084291 1.70726 120
-155.019 19.3881 12.5798 8.42752517915709 1.70726 120
-154.9859 19.4061 12.5798 8.42752517915709 1.70726 120
> -Z1.06235
-155.0078 19.3698 11.7247496416858 7.57247482084291 1.06235 121
-155.0409 19.3518 11.7247496416858 7.57247482084291 1.06235 121
-155.0521 19.3701 12.5798 8.42752517915709 1.06235 121
-155.019 19.3881 12.5798 8.42752517915709 1.06235 121
> -Z1.182405
-155.0408 19.3518 11.7247496416858 7.57247482084291 1.182405 122
-155.0739 19.3338 11.7247496416858 7.57247482084291 1.182405 122
-155.0851 19.3521 12.5798 8.42752517915709 1.182405 122
-155.052 19.3701 12.5798 8.42752517915709 1.182405 122
> -Z1.646841
-155.0739 19.3338 11.7247496416858 7.57247482084291 1.646841 123
-155.107 19.3158 11.7247496416858 7.57247482084291 1.646841 123
-155.1182 19.3341 12.5798 8.42752517915709 1.646841 123
-155.0851 19.3521 12.5798 8.42752517915709 1.646841 123
> -Z1.8758949
-155.1069 19.3158 11.7247496416858 7.57247482084291 1.8758949 124
-155.14 19.2978 11.7247496416858 7.57247482084291 1.8758949 124
-155.1512 19.3161 12.5798 8.42752517915709 1.8758949 124
-155.1181 19.3341 12.5798 8.42752517915709 1.8758949 124
> -Z2.1466679
-155.14 19.2978 11.7247496416858 7.57247482084291 2.1466679 125
-155.1731 19.2798 11.7247496416858 7.57247482084291 2.1466679 125
-155.1843 19.2981 12.5798 8.42752517915709 2.1466679 125
-155.1512 19.3161 12.5798 8.42752517915709 2.1466679 125
> -Z1.876743
-155.1731 19.2798 11.7247496416858 7.57247482084291 1.876743 126
-155.2061 19.2618 11.7247496416858 7.57247482084291 1.876743 126
-155.2172 19.2801 12.5798 8.42752517915709 1.876743 126
-155.1842 19.2981 12.5798 8.42752517915709 1.876743 126
> -Z2.210827
-155.2062 19.2618 11.7247496416858 7.57247482084291 2.210827 127
-155.2392 19.2438 11.7247496416858 7.57247482084291 2.210827 127
-155.2503 19.2621 12.5798 8.42752517915709 2.210827 127
-155.2173 19.2801 12.5798 8.42752517915709 2.210827 127
> -Z2.0072839
-155.2392 19.2438 11.7247496416858 7.57247482084291 2.0072839 128
-155.2722 19.2258 11.7247496416858 7.57247482084291 2.0072839 128
-155.2833 19.2441 12.5798 8.42752517915709 2.0072839 128
-155.2503 19.2621 12.5798 8.42752517915709 2.0072839 128
> -Z1.213142
-155.2723 19.2258 11.7247496416858 7.57247482084291 1.213142 129
-155.3053 19.2078 11.7247496416858 7.57247482084291 1.213142 129
-155.3164 19.2261 12.5798 8.42752517915709 1.213142 129
-155.2834 19.2441 12.5798 8.42752517915709 1.213142 129
> -Z0.5284628
-155.3053 19.2078 11.7247496416858 7.57247482084291 0.5284628 130
-155.3383 19.1898 11.7247496416858 7.57247482084291 0.5284628 130
-155.3494 19.2081 12.5798 8.42752517915709 0.5284628 130
-155.3164 19.2261 12.5798 8.42752517915709 0.5284628 130
> -Z0.5936734
-155.3383 19.1898 11.7247496416858 7.57247482084291 0.5936734 131
-155.3712 19.1718 11.7247496416858 7.57247482084291 0.5936734 131
-155.3824 19.1901 12.5798 8.42752517915709 0.5936734 131
-155.3494 19.2081 12.5798 8.42752517915709 0.5936734 131
> -Z0.639245
-155.3714 19.1718 11.7247496416858 7.57247482084291 0.639245 132
-155.4043 19.1538 11.7247496416858 7.57247482084291 0.639245 132
-155.4155 19.1721 12.5798 8.42752517915709 0.639245 132
-155.3825 19.1901 12.5798 8.42752517915709 0.639245 132
> -Z0.3959334
-155.4044 19.1538 11.7247496416858 7.57247482084291 0.3959334 133
-155.4373 19.1358 11.7247496416858 7.57247482084291 0.3959334 133
-155.4485 19.1541 12.5798 8.42752517915709 0.3959334 133
-155.4156 19.1721 12.5798 8.42752517915709 0.3959334 133
> -Z0.0792099
-155.4375 19.1358 11.7247496416858 7.57247482084291 0.0792099 134
-155.4704 19.1178 11.7247496416858 7.57247482084291 0.0792099 134
-155.4816 19.1361 12.5798 8.42752517915709 0.0792099 134
-155.4487 19.1541 12.5798 8.42752517915709 0.0792099 134
> -Z0.1692738
-154.5894 19.6221 12.5798496416858 8.42757482084291 0.1692738 135
-154.6225 19.6041 12.5798496416858 8.42757482084291 0.1692738 135
-154.6337 19.6224 13.4349 9.28262517915709 0.1692738 135
-154.6006 19.6404 13.4349 9.28262517915709 0.1692738 135
> -Z0.4025198
-154.6225 19.6041 12.5798496416858 8.42757482084291 0.4025198 136
-154.6556 19.5861 12.5798496416858 8.42757482084291 0.4025198 136
-154.6668 19.6044 13.4349 9.28262517915709 0.4025198 136
-154.6337 19.6224 13.4349 9.28262517915709 0.4025198 136
> -Z0.5624155
-154.6555 19.5861 12.5798496416858 8.42757482084291 0.5624155 137
-154.6886 19.5681 12.5798496416858 8.42757482084291 0.5624155 137
-154.6998 19.5864 13.4349 9.28262517915709 0.5624155 137
-154.6667 19.6044 13.4349 9.28262517915709 0.5624155 137
> -Z0.162008
-154.6886 19.5681 12.5798496416858 8.42757482084291 0.162008 138
-154.7217 19.5501 12.5798496416858 8.42757482084291 0.162008 138
-154.7329 19.5684 13.4349 9.28262517915709 0.162008 138
-154.6998 19.5864 13.4349 9.28262517915709 0.162008 138
> -Z0.0831426
-154.7216 19.5501 12.5798496416858 8.42757482084291 0.0831426 139
-154.7547 19.5321 12.5798496416858 8.42757482084291 0.0831426 139
-154.7659 19.5504 13.4349 9.28262517915709 0.0831426 139
-154.7328 19.5684 13.4349 9.28262517915709 0.0831426 139
> -Z0.7077631
-154.7546 19.5321 12.5798496416858 8.42757482084291 0.7077631 140
-154.7877 19.5141 12.5798496416858 8.42757482084291 0.7077631 140
-154.7989 19.5324 13.4349 9.28262517915709 0.7077631 140
-154.7658 19.5504 13.4349 9.28262517915709 0.7077631 140
> -Z1.035162
-154.7877 19.5141 12.5798496416858 8.42757482084291 1.035162 141
-154.8208 19.4961 12.5798496416858 8.42757482084291 1.035162 141
-154.832 19.5144 13.4349 9.28262517915709 1.035162 141
-154.7989 19.5324 13.4349 9.28262517915709 1.035162 141
> -Z1.200886
-154.8207 19.4961 12.5798496416858 8.42757482084291 1.200886 142
-154.8538 19.4781 12.5798496416858 8.42757482084291 1.200886 142
-154.865 19.4964 13.4349 9.28262517915709 1.200886 142
-154.8319 19.5144 13.4349 9.28262517915709 1.200886 142
> -Z1.832906
-154.8538 19.4781 12.5798496416858 8.42757482084291 1.832906 143
-154.8869 19.4601 12.5798496416858 8.42757482084291 1.832906 143
-154.8981 19.4784 13.4349 9.28262517915709 1.832906 143
-154.865 19.4964 13.4349 9.28262517915709 1.832906 143
> -Z2.251183
-154.8868 19.4601 12.5798496416858 8.42757482084291 2.251183 144
-154.9199 19.4421 12.5798496416858 8.42757482084291 2.251183 144
-154.9311 19.4604 13.4349 9.28262517915709 2.251183 144
-154.898 19.4784 13.4349 9.28262517915709 2.251183 144
> -Z2.3457339
-154.9199 19.4421 12.5798496416858 8.42757482084291 2.3457339 145
-154.953 19.4241 12.5798496416858 8.42757482084291 2.3457339 145
-154.9642 19.4424 13.4349 9.28262517915709 2.3457339 145
-154.9311 19.4604 13.4349 9.28262517915709 2.3457339 145
> -Z2.074892
-154.9529 19.4241 12.5798496416858 8.42757482084291 2.074892 146
-154.986 19.4061 12.5798496416858 8.42757482084291 2.074892 146
-154.9972 19.4244 13.4349 9.28262517915709 2.074892 146
-154.9641 19.4424 13.4349 9.28262517915709 2.074892 146
> -Z1.5893111
-154.986 19.4061 12.5798496416858 8.42757482084291 1.5893111 147
-155.0191 19.3881 12.5798496416858 8.42757482084291 1.5893111 147
-155.0303 19.4064 13.4349 9.28262517915709 1.5893111 147
-154.9972 19.4244 13.4349 9.28262517915709 1.5893111 147
> -Z1.451492
-155.019 19.3881 12.5798496416858 8.42757482084291 1.451492 148
-155.0521 19.3701 12.5798496416858 8.42757482084291 1.451492 148
-155.0633 19.3884 13.4349 9.28262517915709 1.451492 148
-155.0302 19.4064 13.4349 9.28262517915709 1.451492 148
> -Z1.7741389
-155.052 19.3701 12.5798496416858 8.42757482084291 1.7741389 149
-155.0851 19.3521 12.5798496416858 8.42757482084291 1.7741389 149
-155.0963 19.3704 13.4349 9.28262517915709 1.7741389 149
-155.0632 19.3884 13.4349 9.28262517915709 1.7741389 149
> -Z1.670585
-155.0851 19.3521 12.5798496416858 8.42757482084291 1.670585 150
-155.1182 19.3341 12.5798496416858 8.42757482084291 1.670585 150
-155.1294 19.3524 13.4349 9.28262517915709 1.670585 150
-155.0963 19.3704 13.4349 9.28262517915709 1.670585 150
> -Z1.598064
-155.1181 19.3341 12.5798496416858 8.42757482084291 1.598064 151
-155.1512 19.3161 12.5798496416858 8.42757482084291 1.598064 151
-155.1624 19.3344 13.4349 9.28262517915709 1.598064 151
-155.1293 19.3524 13.4349 9.28262517915709 1.598064 151
> -Z1.45325
-155.1512 19.3161 12.5798496416858 8.42757482084291 1.45325 152
-155.1843 19.2981 12.5798496416858 8.42757482084291 1.45325 152
-155.1955 19.3164 13.4349 9.28262517915709 1.45325 152
-155.1624 19.3344 13.4349 9.28262517915709 1.45325 152
> -Z1.056207
-155.1842 19.2981 12.5798496416858 8.42757482084291 1.056207 153
-155.2173 19.2801 12.5798496416858 8.42757482084291 1.056207 153
-155.2285 19.2984 13.4349 9.28262517915709 1.056207 153
-155.1954 19.3164 13.4349 9.28262517915709 1.056207 153
> -Z1.708065
-155.2174 19.2801 12.5798496416858 8.42757482084291 1.708065 154
-155.2504 19.2621 12.5798496416858 8.42757482084291 1.708065 154
-155.2615 19.2804 13.4349 9.28262517915709 1.708065 154
-155.2285 19.2984 13.4349 9.28262517915709 1.708065 154
> -Z1.478929
-155.2504 19.2621 12.5798496416858 8.42757482084291 1.478929 155
-155.2834 19.2441 12.5798496416858 8.42757482084291 1.478929 155
-155.2945 19.2624 13.4349 9.28262517915709 1.478929 155
-155.2615 19.2804 13.4349 9.28262517915709 1.478929 155
> -Z1.642576
-155.2835 19.2441 12.5798496416858 8.42757482084291 1.642576 156
-155.3165 19.2261 12.5798496416858 8.42757482084291 1.642576 156
-155.3276 19.2444 13.4349 9.28262517915709 1.642576 156
-155.2946 19.2624 13.4349 9.28262517915709 1.642576 156
> -Z1.143881
-155.3165 19.2261 12.5798496416858 8.42757482084291 1.143881 157
-155.3495 19.2081 12.5798496416858 8.42757482084291 1.143881 157
-155.3606 19.2264 13.4349 9.28262517915709 1.143881 157
-155.3276 19.2444 13.4349 9.28262517915709 1.143881 157
> -Z0.6014208
-155.3496 19.2081 12.5798496416858 8.42757482084291 0.6014208 158
-155.3826 19.1901 12.5798496416858 8.42757482084291 0.6014208 158
-155.3937 19.2084 13.4349 9.28262517915709 0.6014208 158
-155.3607 19.2264 13.4349 9.28262517915709 0.6014208 158
> -Z0.3974123
-155.3826 19.1901 12.5798496416858 8.42757482084291 0.3974123 159
-155.4155 19.1721 12.5798496416858 8.42757482084291 0.3974123 159
-155.4267 19.1904 13.4349 9.28262517915709 0.3974123 159
-155.3937 19.2084 13.4349 9.28262517915709 0.3974123 159
> -Z0.2881165
-155.4156 19.1721 12.5798496416858 8.42757482084291 0.2881165 160
-155.4485 19.1541 12.5798496416858 8.42757482084291 0.2881165 160
-155.4597 19.1724 13.4349 9.28262517915709 0.2881165 160
-155.4267 19.1904 13.4349 9.28262517915709 0.2881165 160
> -Z0.032776
-155.4487 19.1541 12.5798496416858 8.42757482084291 0.032776 161
-155.4816 19.1361 12.5798496416858 8.42757482084291 0.032776 161
-155.4928 19.1544 13.4349 9.28262517915709 0.032776 161
-155.4599 19.1724 13.4349 9.28262517915709 0.032776 161
> -Z0.0380027
-154.6006 19.6404 13.4348496416858 9.28257482084291 0.0380027 162
-154.6337 19.6224 13.4348496416858 9.28257482084291 0.0380027 162
-154.6449 19.6407 14.2899 10.1376251791571 0.0380027 162
-154.6118 19.6587 14.2899 10.1376251791571 0.0380027 162
> -Z0.1276779
-154.6337 19.6224 13.4348496416858 9.28257482084291 0.1276779 163
-154.6668 19.6044 13.4348496416858 9.28257482084291 0.1276779 163
-154.678 19.6227 14.2899 10.1376251791571 0.1276779 163
-154.6449 19.6407 14.2899 10.1376251791571 0.1276779 163
> -Z0.163246
-154.6667 19.6044 13.4348496416858 9.28257482084291 0.163246 164
-154.6998 19.5864 13.4348496416858 9.28257482084291 0.163246 164
-154.711 19.6047 14.2899 10.1376251791571 0.163246 164
-154.6779 19.6227 14.2899 10.1376251791571 0.163246 164
> -Z0.1032335
-154.6998 19.5864 13.4348496416858 9.28257482084291 0.1032335 165
-154.7329 19.5684 13.4348496416858 9.28257482084291 0.1032335 165
-154.7441 19.5867 14.2899 10.1376251791571 0.1032335 165
-154.711 19.6047 14.2899 10.1376251791571 0.1032335 165
> -Z0.0089696
-154.7328 19.5684 13.4348496416858 9.28257482084291 0.0089696 166
-154.7659 19.5504 13.4348496416858 9.28257482084291 0.0089696 166
-154.7771 19.5687 14.2899 10.1376251791571 0.0089696 166
-154.744 19.5867 14.2899 10.1376251791571 0.0089696 166
> -Z0.004523
-154.7659 19.5504 13.4348496416858 9.28257482084291 0.004523 167
-154.799 19.5324 13.4348496416858 9.28257482084291 0.004523 167
-154.8102 19.5507 14.2899 10.1376251791571 0.004523 167
-154.7771 19.5687 14.2899 10.1376251791571 0.004523 167
> -Z0.081917
-154.7989 19.5324 13.4348496416858 9.28257482084291 0.081917 168
-154.832 19.5144 13.4348496416858 9.28257482084291 0.081917 168
-154.8432 19.5327 14.2899 10.1376251791571 0.081917 168
-154.8101 19.5507 14.2899 10.1376251791571 0.081917 168
> -Z0.3692899
-154.8319 19.5144 13.4348496416858 9.28257482084291 0.3692899 169
-154.865 19.4964 13.4348496416858 9.28257482084291 0.3692899 169
-154.8762 19.5147 14.2899 10.1376251791571 0.3692899 169
-154.8431 19.5327 14.2899 10.1376251791571 0.3692899 169
> -Z0.6883563
-154.865 19.4964 13.4348496416858 9.28257482084291 0.6883563 170
-154.8981 19.4784 13.4348496416858 9.28257482084291 0.6883563 170
-154.9093 19.4967 14.2899 10.1376251791571 0.6883563 170
-154.8762 19.5147 14.2899 10.1376251791571 0.6883563 170
> -Z0.9891376
-154.898 19.4784 13.4348496416858 9.28257482084291 0.9891376 171
-154.9311 19.4604 13.4348496416858 9.28257482084291 0.9891376 171
-154.9423 19.4787 14.2899 10.1376251791571 0.9891376 171
-154.9092 19.4967 14.2899 10.1376251791571 0.9891376 171
> -Z0.7185773
-154.9311 19.4604 13.4348496416858 9.28257482084291 0.7185773 172
-154.9642 19.4424 13.4348496416858 9.28257482084291 0.7185773 172
-154.9754 19.4607 14.2899 10.1376251791571 0.7185773 172
-154.9423 19.4787 14.2899 10.1376251791571 0.7185773 172
> -Z0.7215203
-154.9641 19.4424 13.4348496416858 9.28257482084291 0.7215203 173
-154.9972 19.4244 13.4348496416858 9.28257482084291 0.7215203 173
-155.0084 19.4427 14.2899 10.1376251791571 0.7215203 173
-154.9753 19.4607 14.2899 10.1376251791571 0.7215203 173
> -Z0.3755939
-154.9972 19.4244 13.4348496416858 9.28257482084291 0.3755939 174
-155.0303 19.4064 13.4348496416858 9.28257482084291 0.3755939 174
-155.0415 19.4247 14.2899 10.1376251791571 0.3755939 174
-155.0084 19.4427 14.2899 10.1376251791571 0.3755939 174
> -Z0.8901963
-155.0302 19.4064 13.4348496416858 9.28257482084291 0.8901963 175
-155.0633 19.3884 13.4348496416858 9.28257482084291 0.8901963 175
-155.0745 19.4067 14.2899 10.1376251791571 0.8901963 175
-155.0414 19.4247 14.2899 10.1376251791571 0.8901963 175
> -Z1.473062
-155.0632 19.3884 13.4348496416858 9.28257482084291 1.473062 176
-155.0963 19.3704 13.4348496416858 9.28257482084291 1.473062 176
-155.1075 19.3887 14.2899 10.1376251791571 1.473062 176
-155.0744 19.4067 14.2899 10.1376251791571 1.473062 176
> -Z0.7884097
-155.0963 19.3704 13.4348496416858 9.28257482084291 0.7884097 177
-155.1294 19.3524 13.4348496416858 9.28257482084291 0.7884097 177
-155.1406 19.3707 14.2899 10.1376251791571 0.7884097 177
-155.1075 19.3887 14.2899 10.1376251791571 0.7884097 177
> -Z0.3798586
-155.1294 19.3524 13.4348496416858 9.28257482084291 0.3798586 178
-155.1625 19.3344 13.4348496416858 9.28257482084291 0.3798586 178
-155.1737 19.3527 14.2899 10.1376251791571 0.3798586 178
-155.1406 19.3707 14.2899 10.1376251791571 0.3798586 178
> -Z0.3553893
-155.1624 19.3344 13.4348496416858 9.28257482084291 0.3553893 179
-155.1955 19.3164 13.4348496416858 9.28257482084291 0.3553893 179
-155.2067 19.3347 14.2899 10.1376251791571 0.3553893 179
-155.1736 19.3527 14.2899 10.1376251791571 0.3553893 179
> -Z0.036255
-155.1954 19.3164 13.4348496416858 9.28257482084291 0.036255 180
-155.2285 19.2984 13.4348496416858 9.28257482084291 0.036255 180
-155.2397 19.3167 14.2899 10.1376251791571 0.036255 180
-155.2066 19.3347 14.2899 10.1376251791571 0.036255 180
> -Z0.1326334
-155.2285 19.2984 13.4348496416858 9.28257482084291 0.1326334 181
-155.2616 19.2804 13.4348496416858 9.28257482084291 0.1326334 181
-155.2728 19.2987 14.2899 10.1376251791571 0.1326334 181
-155.2397 19.3167 14.2899 10.1376251791571 0.1326334 181
> -Z0.290217
-155.2616 19.2804 13.4348496416858 9.28257482084291 0.290217 182
-155.2946 19.2624 13.4348496416858 9.28257482084291 0.290217 182
-155.3057 19.2807 14.2899 10.1376251791571 0.290217 182
-155.2727 19.2987 14.2899 10.1376251791571 0.290217 182
> -Z0.8273592
-155.2947 19.2624 13.4348496416858 9.28257482084291 0.8273592 183
-155.3277 19.2444 13.4348496416858 9.28257482084291 0.8273592 183
-155.3388 19.2627 14.2899 10.1376251791571 0.8273592 183
-155.3058 19.2807 14.2899 10.1376251791571 0.8273592 183
> -Z0.7559149
-155.3277 19.2444 13.4348496416858 9.28257482084291 0.7559149 184
-155.3607 19.2264 13.4348496416858 9.28257482084291 0.7559149 184
-155.3718 19.2447 14.2899 10.1376251791571 0.7559149 184
-155.3388 19.2627 14.2899 10.1376251791571 0.7559149 184
> -Z0.2382346
-155.3608 19.2264 13.4348496416858 9.28257482084291 0.2382346 185
-155.3938 19.2084 13.4348496416858 9.28257482084291 0.2382346 185
-155.4049 19.2267 14.2899 10.1376251791571 0.2382346 185
-155.3719 19.2447 14.2899 10.1376251791571 0.2382346 185
> -Z0.0154031
-155.3938 19.2084 13.4348496416858 9.28257482084291 0.0154031 186
-155.4268 19.1904 13.4348496416858 9.28257482084291 0.0154031 186
-155.4379 19.2087 14.2899 10.1376251791571 0.0154031 186
-155.4049 19.2267 14.2899 10.1376251791571 0.0154031 186
> -Z0.001746
-155.4268 19.1904 13.4348496416858 9.28257482084291 0.001746 187
-155.4597 19.1724 13.4348496416858 9.28257482084291 0.001746 187
-155.4709 19.1907 14.2899 10.1376251791571 0.001746 187
-155.4379 19.2087 14.2899 10.1376251791571 0.001746 187
> -Z0.0354837
-155.4599 19.1724 13.4348496416858 9.28257482084291 0.0354837 188
-155.4928 19.1544 13.4348496416858 9.28257482084291 0.0354837 188
-155.504 19.1727 14.2899 10.1376251791571 0.0354837 188
-155.471 19.1907 14.2899 10.1376251791571 0.0354837 188
> -Z0.0159982
-154.6118 19.6587 14.2899496416858 10.1376748208429 0.0159982 189
-154.6449 19.6407 14.2899496416858 10.1376748208429 0.0159982 189
-154.6561 19.659 15.145 10.9927251791571 0.0159982 189
-154.623 19.677 15.145 10.9927251791571 0.0159982 189
> -Z0.0326154
-154.6449 19.6407 14.2899496416858 10.1376748208429 0.0326154 190
-154.678 19.6227 14.2899496416858 10.1376748208429 0.0326154 190
-154.6892 19.641 15.145 10.9927251791571 0.0326154 190
-154.6561 19.659 15.145 10.9927251791571 0.0326154 190
> -Z0.0011785
-154.6779 19.6227 14.2899496416858 10.1376748208429 0.0011785 191
-154.711 19.6047 14.2899496416858 10.1376748208429 0.0011785 191
-154.7222 19.623 15.145 10.9927251791571 0.0011785 191
-154.6891 19.641 15.145 10.9927251791571 0.0011785 191
> -Z0.006686
-154.711 19.6047 14.2899496416858 10.1376748208429 0.006686 192
-154.7441 19.5867 14.2899496416858 10.1376748208429 0.006686 192
-154.7553 19.605 15.145 10.9927251791571 0.006686 192
-154.7222 19.623 15.145 10.9927251791571 0.006686 192
> -Z0.0876539
-154.744 19.5867 14.2899496416858 10.1376748208429 0.0876539 193
-154.7771 19.5687 14.2899496416858 10.1376748208429 0.0876539 193
-154.7883 19.587 15.145 10.9927251791571 0.0876539 193
-154.7552 19.605 15.145 10.9927251791571 0.0876539 193
> -Z0.0011986
-154.7771 19.5687 14.2899496416858 10.1376748208429 0.0011986 194
-154.8102 19.5507 14.2899496416858 10.1376748208429 0.0011986 194
-154.8214 19.569 15.145 10.9927251791571 0.0011986 194
-154.7883 19.587 15.145 10.9927251791571 0.0011986 194
> -Z0.0026948
-154.8101 19.5507 14.2899496416858 10.1376748208429 0.0026948 195
-154.8432 19.5327 14.2899496416858 10.1376748208429 0.0026948 195
-154.8544 19.551 15.145 10.9927251791571 0.0026948 195
-154.8213 19.569 15.145 10.9927251791571 0.0026948 195
> -Z0.0427681
-154.8431 19.5327 14.2899496416858 10.1376748208429 0.0427681 196
-154.8762 19.5147 14.2899496416858 10.1376748208429 0.0427681 196
-154.8874 19.533 15.145 10.9927251791571 0.0427681 196
-154.8543 19.551 15.145 10.9927251791571 0.0427681 196
> -Z0.0228929
-154.8762 19.5147 14.2899496416858 10.1376748208429 0.0228929 197
-154.9093 19.4967 14.2899496416858 10.1376748208429 0.0228929 197
-154.9205 19.515 15.145 10.9927251791571 0.0228929 197
-154.8874 19.533 15.145 10.9927251791571 0.0228929 197
> -Z0.0005408
-154.9092 19.4967 14.2899496416858 10.1376748208429 0.0005408 198
-154.9423 19.4787 14.2899496416858 10.1376748208429 0.0005408 198
-154.9535 19.497 15.145 10.9927251791571 0.0005408 198
-154.9204 19.515 15.145 10.9927251791571 0.0005408 198
> -Z0.0260029
-154.9423 19.4787 14.2899496416858 10.1376748208429 0.0260029 199
-154.9754 19.4607 14.2899496416858 10.1376748208429 0.0260029 199
-154.9866 19.479 15.145 10.9927251791571 0.0260029 199
-154.9535 19.497 15.145 10.9927251791571 0.0260029 199
> -Z0.0503411
-154.9753 19.4607 14.2899496416858 10.1376748208429 0.0503411 200
-155.0084 19.4427 14.2899496416858 10.1376748208429 0.0503411 200
-155.0196 19.461 15.145 10.9927251791571 0.0503411 200
-154.9865 19.479 15.145 10.9927251791571 0.0503411 200
> -Z0.0177031
-155.0084 19.4427 14.2899496416858 10.1376748208429 0.0177031 201
-155.0415 19.4247 14.2899496416858 10.1376748208429 0.0177031 201
-155.0527 19.443 15.145 10.9927251791571 0.0177031 201
-155.0196 19.461 15.145 10.9927251791571 0.0177031 201
> -Z0.2378853
-155.0414 19.4247 14.2899496416858 10.1376748208429 0.2378853 202
-155.0745 19.4067 14.2899496416858 10.1376748208429 0.2378853 202
-155.0857 19.425 15.145 10.9927251791571 0.2378853 202
-155.0526 19.443 15.145 10.9927251791571 0.2378853 202
> -Z0.8276286
-155.0745 19.4067 14.2899496416858 10.1376748208429 0.8276286 203
-155.1076 19.3887 14.2899496416858 10.1376748208429 0.8276286 203
-155.1188 19.407 15.145 10.9927251791571 0.8276286 203
-155.0857 19.425 15.145 10.9927251791571 0.8276286 203
> -Z0.2742561
-155.1075 19.3887 14.2899496416858 10.1376748208429 0.2742561 204
-155.1406 19.3707 14.2899496416858 10.1376748208429 0.2742561 204
-155.1518 19.389 15.145 10.9927251791571 0.2742561 204
-155.1187 19.407 15.145 10.9927251791571 0.2742561 204
> -Z0.0879937
-155.1406 19.3707 14.2899496416858 10.1376748208429 0.0879937 205
-155.1737 19.3527 14.2899496416858 10.1376748208429 0.0879937 205
-155.1849 19.371 15.145 10.9927251791571 0.0879937 205
-155.1518 19.389 15.145 10.9927251791571 0.0879937 205
> -Z0.0506486
-155.1736 19.3527 14.2899496416858 10.1376748208429 0.0506486 206
-155.2067 19.3347 14.2899496416858 10.1376748208429 0.0506486 206
-155.2179 19.353 15.145 10.9927251791571 0.0506486 206
-155.1848 19.371 15.145 10.9927251791571 0.0506486 206
> -Z0.0087861
-155.2066 19.3347 14.2899496416858 10.1376748208429 0.0087861 207
-155.2397 19.3167 14.2899496416858 10.1376748208429 0.0087861 207
-155.2509 19.335 15.145 10.9927251791571 0.0087861 207
-155.2178 19.353 15.145 10.9927251791571 0.0087861 207
> -Z0.0122873
-155.2397 19.3167 14.2899496416858 10.1376748208429 0.0122873 208
-155.2728 19.2987 14.2899496416858 10.1376748208429 0.0122873 208
-155.284 19.317 15.145 10.9927251791571 0.0122873 208
-155.2509 19.335 15.145 10.9927251791571 0.0122873 208
> -Z0.0069466
-155.2727 19.2987 14.2899496416858 10.1376748208429 0.0069466 209
-155.3058 19.2807 14.2899496416858 10.1376748208429 0.0069466 209
-155.317 19.299 15.145 10.9927251791571 0.0069466 209
-155.2839 19.317 15.145 10.9927251791571 0.0069466 209
> -Z0.1448888
-155.3059 19.2807 14.2899496416858 10.1376748208429 0.1448888 210
-155.3389 19.2627 14.2899496416858 10.1376748208429 0.1448888 210
-155.35 19.281 15.145 10.9927251791571 0.1448888 210
-155.317 19.299 15.145 10.9927251791571 0.1448888 210
> -Z0.0334713
-155.3389 19.2627 14.2899496416858 10.1376748208429 0.0334713 211
-155.3719 19.2447 14.2899496416858 10.1376748208429 0.0334713 211
-155.383 19.263 15.145 10.9927251791571 0.0334713 211
-155.35 19.281 15.145 10.9927251791571 0.0334713 211
> -Z0.1509176
-155.372 19.2447 14.2899496416858 10.1376748208429 0.1509176 212
-155.405 19.2267 14.2899496416858 10.1376748208429 0.1509176 212
-155.4161 19.245 15.145 10.9927251791571 0.1509176 212
-155.3831 19.263 15.145 10.9927251791571 0.1509176 212
> -Z0.0516047
-155.405 19.2267 14.2899496416858 10.1376748208429 0.0516047 213
-155.438 19.2087 14.2899496416858 10.1376748208429 0.0516047 213
-155.4491 19.227 15.145 10.9927251791571 0.0516047 213
-155.4161 19.245 15.145 10.9927251791571 0.0516047 213
> -Z0.042745
-155.4381 19.2087 14.2899496416858 10.1376748208429 0.042745 214
-155.4711 19.1907 14.2899496416858 10.1376748208429 0.042745 214
-155.4822 19.209 15.145 10.9927251791571 0.042745 214
-155.4492 19.227 15.145 10.9927251791571 0.042745 214
> -Z0.0090928
-155.4711 19.1907 14.2899496416858 10.1376748208429 0.0090928 215
-155.504 19.1727 14.2899496416858 10.1376748208429 0.0090928 215
-155.5152 19.191 15.145 10.9927251791571 0.0090928 215
-155.4822 19.209 15.145 10.9927251791571 0.0090928 215
> -Z0.1342937
-154.623 19.677 15.1449496416858 10.9926748208429 0.1342937 216
-154.6561 19.659 15.1449496416858 10.9926748208429 0.1342937 216
-154.6673 19.6773 16 11.8477251791571 0.1342937 216
-154.6342 19.6953 16 11.8477251791571 0.1342937 216
> -Z0.1339983
-154.6561 19.659 15.1449496416858 10.9926748208429 0.1339983 217
-154.6892 19.641 15.1449496416858 10.9926748208429 0.1339983 217
-154.7004 19.6593 16 11.8477251791571 0.1339983 217
-154.6673 19.6773 16 11.8477251791571 0.1339983 217
> -Z0.0704196
-154.6891 19.641 15.1449496416858 10.9926748208429 0.0704196 218
-154.7222 19.623 15.1449496416858 10.9926748208429 0.0704196 218
-154.7334 19.6413 16 11.8477251791571 0.0704196 218
-154.7003 19.6593 16 11.8477251791571 0.0704196 218
> -Z0.3804679
-154.7222 19.623 15.1449496416858 10.9926748208429 0.3804679 219
-154.7553 19.605 15.1449496416858 10.9926748208429 0.3804679 219
-154.7665 19.6233 16 11.8477251791571 0.3804679 219
-154.7334 19.6413 16 11.8477251791571 0.3804679 219
> -Z0.048576
-154.7552 19.605 15.1449496416858 10.9926748208429 0.048576 220
-154.7883 19.587 15.1449496416858 10.9926748208429 0.048576 220
-154.7995 19.6053 16 11.8477251791571 0.048576 220
-154.7664 19.6233 16 11.8477251791571 0.048576 220
> -Z0.0806253
-154.7883 19.587 15.1449496416858 10.9926748208429 0.0806253 221
-154.8214 19.569 15.1449496416858 10.9926748208429 0.0806253 221
-154.8326 19.5873 16 11.8477251791571 0.0806253 221
-154.7995 19.6053 16 11.8477251791571 0.0806253 221
> -Z0.1990261
-154.8213 19.569 15.1449496416858 10.9926748208429 0.1990261 222
-154.8544 19.551 15.1449496416858 10.9926748208429 0.1990261 222
-154.8656 19.5693 16 11.8477251791571 0.1990261 222
-154.8325 19.5873 16 11.8477251791571 0.1990261 222
> -Z0.0177332
-154.8544 19.551 15.1449496416858 10.9926748208429 0.0177332 223
-154.8875 19.533 15.1449496416858 10.9926748208429 0.0177332 223
-154.8987 19.5513 16 11.8477251791571 0.0177332 223
-154.8656 19.5693 16 11.8477251791571 0.0177332 223
> -Z0.0025319
-154.8874 19.533 15.1449496416858 10.9926748208429 0.0025319 224
-154.9205 19.515 15.1449496416858 10.9926748208429 0.0025319 224
-154.9317 19.5333 16 11.8477251791571 0.0025319 224
-154.8986 19.5513 16 11.8477251791571 0.0025319 224
> -Z0.1436672
-154.9204 19.515 15.1449496416858 10.9926748208429 0.1436672 225
-154.9535 19.497 15.1449496416858 10.9926748208429 0.1436672 225
-154.9647 19.5153 16 11.8477251791571 0.1436672 225
-154.9316 19.5333 16 11.8477251791571 0.1436672 225
> -Z0.1093306
-154.9535 19.497 15.1449496416858 10.9926748208429 0.1093306 226
-154.9866 19.479 15.1449496416858 10.9926748208429 0.1093306 226
-154.9978 19.4973 16 11.8477251791571 0.1093306 226
-154.9647 19.5153 16 11.8477251791571 0.1093306 226
> -Z0.0088393
-154.9865 19.479 15.1449496416858 10.9926748208429 0.0088393 227
-155.0196 19.461 15.1449496416858 10.9926748208429 0.0088393 227
-155.0308 19.4793 16 11.8477251791571 0.0088393 227
-154.9977 19.4973 16 11.8477251791571 0.0088393 227
> -Z0.0376131
-155.0196 19.461 15.1449496416858 10.9926748208429 0.0376131 228
-155.0527 19.443 15.1449496416858 10.9926748208429 0.0376131 228
-155.0639 19.4613 16 11.8477251791571 0.0376131 228
-155.0308 19.4793 16 11.8477251791571 0.0376131 228
> -Z0.0806542
-155.0526 19.443 15.1449496416858 10.9926748208429 0.0806542 229
-155.0857 19.425 15.1449496416858 10.9926748208429 0.0806542 229
-155.0969 19.4433 16 11.8477251791571 0.0806542 229
-155.0638 19.4613 16 11.8477251791571 0.0806542 229
> -Z0.5974129
-155.0857 19.425 15.1449496416858 10.9926748208429 0.5974129 230
-155.1188 19.407 15.1449496416858 10.9926748208429 0.5974129 230
-155.13 19.4253 16 11.8477251791571 0.5974129 230
-155.0969 19.4433 16 11.8477251791571 0.5974129 230
> -Z0.0504562
-155.1187 19.407 15.1449496416858 10.9926748208429 0.0504562 231
-155.1518 19.389 15.1449496416858 10.9926748208429 0.0504562 231
-155.163 19.4073 16 11.8477251791571 0.0504562 231
-155.1299 19.4253 16 11.8477251791571 0.0504562 231
> -Z0.1311685
-155.1518 19.389 15.1449496416858 10.9926748208429 0.1311685 232
-155.1849 19.371 15.1449496416858 10.9926748208429 0.1311685 232
-155.1961 19.3893 16 11.8477251791571 0.1311685 232
-155.163 19.4073 16 11.8477251791571 0.1311685 232
> -Z0.4115381
-155.1848 19.371 15.1449496416858 10.9926748208429 0.4115381 233
-155.2179 19.353 15.1449496416858 10.9926748208429 0.4115381 233
-155.2291 19.3713 16 11.8477251791571 0.4115381 233
-155.196 19.3893 16 11.8477251791571 0.4115381 233
> -Z0.1641755
-155.2178 19.353 15.1449496416858 10.9926748208429 0.1641755 234
-155.2509 19.335 15.1449496416858 10.9926748208429 0.1641755 234
-155.2621 19.3533 16 11.8477251791571 0.1641755 234
-155.229 19.3713 16 11.8477251791571 0.1641755 234
> -Z0.0029642
-155.2509 19.335 15.1449496416858 10.9926748208429 0.0029642 235
-155.284 19.317 15.1449496416858 10.9926748208429 0.0029642 235
-155.2952 19.3353 16 11.8477251791571 0.0029642 235
-155.2621 19.3533 16 11.8477251791571 0.0029642 235
> -Z0.6684687
-155.2839 19.317 15.1449496416858 10.9926748208429 0.6684687 236
-155.317 19.299 15.1449496416858 10.9926748208429 0.6684687 236
-155.3282 19.3173 16 11.8477251791571 0.6684687 236
-155.2951 19.3353 16 11.8477251791571 0.6684687 236
> -Z0.5943279
-155.317 19.299 15.1449496416858 10.9926748208429 0.5943279 237
-155.3501 19.281 15.1449496416858 10.9926748208429 0.5943279 237
-155.3613 19.2993 16 11.8477251791571 0.5943279 237
-155.3282 19.3173 16 11.8477251791571 0.5943279 237
> -Z0.1273305
-155.3501 19.281 15.1449496416858 10.9926748208429 0.1273305 238
-155.3831 19.263 15.1449496416858 10.9926748208429 0.1273305 238
-155.3942 19.2813 16 11.8477251791571 0.1273305 238
-155.3612 19.2993 16 11.8477251791571 0.1273305 238
> -Z0.0023425
-155.3832 19.2631 15.1449496416858 10.9926748208429 0.0023425 239
-155.4162 19.2451 15.1449496416858 10.9926748208429 0.0023425 239
-155.4273 19.2634 16 11.8477251791571 0.0023425 239
-155.3943 19.2814 16 11.8477251791571 0.0023425 239
> -Z0.0565629
-155.4162 19.2451 15.1449496416858 10.9926748208429 0.0565629 240
-155.4492 19.2271 15.1449496416858 10.9926748208429 0.0565629 240
-155.4603 19.2454 16 11.8477251791571 0.0565629 240
-155.4273 19.2634 16 11.8477251791571 0.0565629 240
> -Z0.0064207
-155.4493 19.2271 15.1449496416858 10.9926748208429 0.0064207 241
-155.4823 19.2091 15.1449496416858 10.9926748208429 0.0064207 241
-155.4934 19.2274 16 11.8477251791571 0.0064207 241
-155.4604 19.2454 16 11.8477251791571 0.0064207 241
> -Z0.0614513
-155.4823 19.2091 15.1449496416858 10.9926748208429 0.0614513 242
-155.5153 19.1911 15.1449496416858 10.9926748208429 0.0614513 242
-155.5264 19.2094 16 11.8477251791571 0.0614513 242
-155.4934 19.2274 16 11.8477251791571 0.0614513 242
> -Z0.299013
-154.6342 19.6953 16.0000496416858 11.8477748208429 0.299013 243
-154.6673 19.6773 16.0000496416858 11.8477748208429 0.299013 243
-154.6785 19.6956 16.8551 12.7028251791571 0.299013 243
-154.6454 19.7136 16.8551 12.7028251791571 0.299013 243
> -Z0.0077524
-154.6673 19.6773 16.0000496416858 11.8477748208429 0.0077524 244
-154.7004 19.6593 16.0000496416858 11.8477748208429 0.0077524 244
-154.7116 19.6776 16.8551 12.7028251791571 0.0077524 244
-154.6785 19.6956 16.8551 12.7028251791571 0.0077524 244
> -Z0.1823779
-154.7003 19.6593 16.0000496416858 11.8477748208429 0.1823779 245
-154.7334 19.6413 16.0000496416858 11.8477748208429 0.1823779 245
-154.7446 19.6596 16.8551 12.7028251791571 0.1823779 245
-154.7115 19.6776 16.8551 12.7028251791571 0.1823779 245
> -Z0.4153063
-154.7334 19.6413 16.0000496416858 11.8477748208429 0.4153063 246
-154.7665 19.6233 16.0000496416858 11.8477748208429 0.4153063 246
-154.7777 19.6416 16.8551 12.7028251791571 0.4153063 246
-154.7446 19.6596 16.8551 12.7028251791571 0.4153063 246
> -Z0.3281674
-154.7664 19.6233 16.0000496416858 11.8477748208429 0.3281674 247
-154.7995 19.6053 16.0000496416858 11.8477748208429 0.3281674 247
-154.8107 19.6236 16.8551 12.7028251791571 0.3281674 247
-154.7776 19.6416 16.8551 12.7028251791571 0.3281674 247
> -Z0.2204626
-154.7995 19.6053 16.0000496416858 11.8477748208429 0.2204626 248
-154.8326 19.5873 16.0000496416858 11.8477748208429 0.2204626 248
-154.8438 19.6056 16.8551 12.7028251791571 0.2204626 248
-154.8107 19.6236 16.8551 12.7028251791571 0.2204626 248
> -Z0.118864
-154.8325 19.5873 16.0000496416858 11.8477748208429 0.118864 249
-154.8656 19.5693 16.0000496416858 11.8477748208429 0.118864 249
-154.8768 19.5876 16.8551 12.7028251791571 0.118864 249
-154.8437 19.6056 16.8551 12.7028251791571 0.118864 249
> -Z0.0674351
-154.8656 19.5693 16.0000496416858 11.8477748208429 0.0674351 250
-154.8987 19.5513 16.0000496416858 11.8477748208429 0.0674351 250
-154.9099 19.5696 16.8551 12.7028251791571 0.0674351 250
-154.8768 19.5876 16.8551 12.7028251791571 0.0674351 250
> -Z0.3002082
-154.8986 19.5513 16.0000496416858 11.8477748208429 0.3002082 251
-154.9317 19.5333 16.0000496416858 11.8477748208429 0.3002082 251
-154.9429 19.5516 16.8551 12.7028251791571 0.3002082 251
-154.9098 19.5696 16.8551 12.7028251791571 0.3002082 251
> -Z0.2494521
-154.9316 19.5333 16.0000496416858 11.8477748208429 0.2494521 252
-154.9647 19.5153 16.0000496416858 11.8477748208429 0.2494521 252
-154.9759 19.5336 16.8551 12.7028251791571 0.2494521 252
-154.9428 19.5516 16.8551 12.7028251791571 0.2494521 252
> -Z0.0069301
-154.9647 19.5153 16.0000496416858 11.8477748208429 0.0069301 253
-154.9978 19.4973 16.0000496416858 11.8477748208429 0.0069301 253
-155.009 19.5156 16.8551 12.7028251791571 0.0069301 253
-154.9759 19.5336 16.8551 12.7028251791571 0.0069301 253
> -Z0.0736034
-154.9977 19.4973 16.0000496416858 11.8477748208429 0.0736034 254
-155.0308 19.4793 16.0000496416858 11.8477748208429 0.0736034 254
-155.042 19.4976 16.8551 12.7028251791571 0.0736034 254
-155.0089 19.5156 16.8551 12.7028251791571 0.0736034 254
> -Z0.1991755
-155.0308 19.4793 16.0000496416858 11.8477748208429 0.1991755 255
-155.0639 19.4613 16.0000496416858 11.8477748208429 0.1991755 255
-155.0751 19.4796 16.8551 12.7028251791571 0.1991755 255
-155.042 19.4976 16.8551 12.7028251791571 0.1991755 255
> -Z0.1255694
-155.0638 19.4613 16.0000496416858 11.8477748208429 0.1255694 256
-155.0969 19.4433 16.0000496416858 11.8477748208429 0.1255694 256
-155.1081 19.4616 16.8551 12.7028251791571 0.1255694 256
-155.075 19.4796 16.8551 12.7028251791571 0.1255694 256
> -Z0.1863325
-155.0969 19.4433 16.0000496416858 11.8477748208429 0.1863325 257
-155.13 19.4253 16.0000496416858 11.8477748208429 0.1863325 257
-155.1412 19.4436 16.8551 12.7028251791571 0.1863325 257
-155.1081 19.4616 16.8551 12.7028251791571 0.1863325 257
> -Z0.1208693
-155.1299 19.4253 16.0000496416858 11.8477748208429 0.1208693 258
-155.163 19.4073 16.0000496416858 11.8477748208429 0.1208693 258
-155.1742 19.4256 16.8551 12.7028251791571 0.1208693 258
-155.1411 19.4436 16.8551 12.7028251791571 0.1208693 258
> -Z0.1911806
-155.163 19.4074 16.0000496416858 11.8477748208429 0.1911806 259
-155.1961 19.3894 16.0000496416858 11.8477748208429 0.1911806 259
-155.2073 19.4077 16.8551 12.7028251791571 0.1911806 259
-155.1742 19.4257 16.8551 12.7028251791571 0.1911806 259
> -Z0.6807803
-155.196 19.3894 16.0000496416858 11.8477748208429 0.6807803 260
-155.2291 19.3714 16.0000496416858 11.8477748208429 0.6807803 260
-155.2403 19.3897 16.8551 12.7028251791571 0.6807803 260
-155.2072 19.4077 16.8551 12.7028251791571 0.6807803 260
> -Z0.8959835
-155.2291 19.3714 16.0000496416858 11.8477748208429 0.8959835 261
-155.2622 19.3534 16.0000496416858 11.8477748208429 0.8959835 261
-155.2734 19.3717 16.8551 12.7028251791571 0.8959835 261
-155.2403 19.3897 16.8551 12.7028251791571 0.8959835 261
> -Z0.8251736
-155.2621 19.3534 16.0000496416858 11.8477748208429 0.8251736 262
-155.2952 19.3354 16.0000496416858 11.8477748208429 0.8251736 262
-155.3064 19.3537 16.8551 12.7028251791571 0.8251736 262
-155.2733 19.3717 16.8551 12.7028251791571 0.8251736 262
> -Z1.117955
-155.2951 19.3354 16.0000496416858 11.8477748208429 1.117955 263
-155.3282 19.3174 16.0000496416858 11.8477748208429 1.117955 263
-155.3394 19.3357 16.8551 12.7028251791571 1.117955 263
-155.3063 19.3537 16.8551 12.7028251791571 1.117955 263
> -Z0.9723787
-155.3282 19.3174 16.0000496416858 11.8477748208429 0.9723787 264
-155.3613 19.2994 16.0000496416858 11.8477748208429 0.9723787 264
-155.3725 19.3177 16.8551 12.7028251791571 0.9723787 264
-155.3394 19.3357 16.8551 12.7028251791571 0.9723787 264
> -Z0.4334222
-155.3612 19.2994 16.0000496416858 11.8477748208429 0.4334222 265
-155.3943 19.2814 16.0000496416858 11.8477748208429 0.4334222 265
-155.4055 19.2997 16.8551 12.7028251791571 0.4334222 265
-155.3724 19.3177 16.8551 12.7028251791571 0.4334222 265
> -Z0.0070904
-155.3944 19.2814 16.0000496416858 11.8477748208429 0.0070904 266
-155.4274 19.2634 16.0000496416858 11.8477748208429 0.0070904 266
-155.4385 19.2817 16.8551 12.7028251791571 0.0070904 266
-155.4055 19.2997 16.8551 12.7028251791571 0.0070904 266
> -Z0.1203881
-155.4274 19.2634 16.0000496416858 11.8477748208429 0.1203881 267
-155.4604 19.2454 16.0000496416858 11.8477748208429 0.1203881 267
-155.4715 19.2637 16.8551 12.7028251791571 0.1203881 267
-155.4385 19.2817 16.8551 12.7028251791571 0.1203881 267
> -Z0.0281776
-155.4605 19.2454 16.0000496416858 11.8477748208429 0.0281776 268
-155.4935 19.2274 16.0000496416858 11.8477748208429 0.0281776 268
-155.5046 19.2457 16.8551 12.7028251791571 0.0281776 268
-155.4716 19.2637 16.8551 12.7028251791571 0.0281776 268
> -Z0.0282103
-155.4935 19.2274 16.0000496416858 11.8477748208429 0.0282103 269
-155.5265 19.2094 16.0000496416858 11.8477748208429 0.0282103 269
-155.5376 19.2277 16.8551 12.7028251791571 0.0282103 269
-155.5046 19.2457 16.8551 12.7028251791571 0.0282103 269
